#
#
#
#
#
#    Don't try viewing this report without a plog-converter utility!!!
#
#    plog-converter -a GA:1,2 -t tasklist -o report.tasks /path/to/this/file.log
#
#    A link to the documentation: https://pvs-studio.com/en/docs/manual/0036/
#
#
#
#
#
d99cf3ba-6fcd-43f9-9260-1179fa3a9bed
dR'8_uR%Rr[GVRER'haa@->uR%RccccPv]ka->o];vw3]->_8]Ec[ctc;->o^-EcRER']uR%VJXER U2=u$2UaPR% U2=uER2uvu2R%*ERPu==UjuR%R1>'8aau'oc 8aPUo}c{8>=-_uac'Lu's->jcoLucu-jLoLcU'ohU2cUajhPu>oc8 coLucNPv]ka->o]Nc h>'o-8>}c,Luc.1HQ<Fc->oujuacofkucUajhPu>oc-=cu/ku'ou_}RER>u/o@->uR%Rccccccvw3]-_oLctcJEcRERk8=-o-8>=R%!dR -2uR%R(a88o(=a'(v-u]}'RER2->u=R%!xJ["B"ER=U=o1_R%R{<C,wT1?bGw{RB
dR'8_uR%Rr[GVRER'haa@->uR%RccccPv]ka->o];vw3]->_8]Ec[ctc;->o^-EcRER']uR%VJXER U2=u$2UaPR% U2=uER2uvu2R%*ERPu==UjuR%R1>'8aau'oc 8aPUo}c{8>=-_uac'Lu's->jcoLuc=uvu>oLcU'ohU2cUajhPu>oc8 coLucNPv]ka->o]Nc h>'o-8>}c,Luc.1HQ<Fc->oujuacofkucUajhPu>oc-=cu/ku'ou_}RER>u/o@->uR%Rccccccvw3]-_oLctcJEcRERk8=-o-8>=R%!dR -2uR%R(a88o(=a'(v-u]}'RER2->u=R%!xJ["B"ER=U=o1_R%R{<C,wT1?bGw{RB
dR'8_uR%Rr[GVRER'haa@->uR%RccccPv]ka->o];vw3]->_8]Ec[ctc;->o^-EcRER']uR%VJXER U2=u$2UaPR% U2=uER2uvu2R%*ERPu==UjuR%R1>'8aau'oc 8aPUo}c{8>=-_uac'Lu's->jcoLuc=-/oLcU'ohU2cUajhPu>oc8 coLucNPv]ka->o]Nc h>'o-8>}c,Luc.1HQ<Fc->oujuacofkucUajhPu>oc-=cu/ku'ou_}RER>u/o@->uR%Rccccccvw3]-_oLctcJEcRERk8=-o-8>=R%!dR -2uR%R(a88o(=a'(v-u]}'RER2->u=R%!xJ["B"ER=U=o1_R%R{<C,wT1?bGw{RB
dR'8_uR%RrxxSGRER'haa@->uR%Rccccvw3jUPuK=oUoucmc8ku>KjUPuK=oUou;vw3]-_oLEcvw3Lu-jLo^nRER U2=u$2UaPR% U2=uER2uvu2R%*ERPu==UjuR%RTh>'o-8>c_u'2Uau_cU=cU''uko->jch>=ku'- -u_c>hP9uac8 ckUaUPuoua=c-=c'U22u_c]-oLcNJNcUajhPu>o=}c{8>=-_uacu/k2-'-o2fc=ku'- f->jcoLuc h>'o-8>ckUaUPuoua=c2-=o}RER>u/o@->uR%Rcvw3jUPuK=f>'cmc8ku>KjUPuK=f>';^nRERk8=-o-8>=R%!dR -2uR%R(a88o(=a'(v-u]}'RER2->u=R%!GX"B"B
